<?xml version="1.0" encoding="UTF-8"?>
<!-- Generated by org.testng.reporters.JUnitXMLReporter -->
<testsuite ignored="0" hostname="Dooby" failures="0" tests="4" name="Create Customer API Test" time="2.036" errors="0" timestamp="2021-05-05T18:47:36 IST">
  <testcase classname="com.dooby.testcases.CreateCustomerTest" name="ValidateCreateCustomerAPIwithInValidSecretKey" time="1.398"/>
  <testcase classname="com.dooby.testcases.CreateCustomerTest" name="ValidateCreateCustomerAPIwithValidSecretKey" time="0.556"/>
  <testcase classname="com.dooby.testcases.CreateCustomerTest" name="ValidateCreateCustomerAPIwithValidSecretKey" time="0.576"/>
  <testcase classname="com.dooby.testcases.CreateCustomerTest" name="ValidateCreateCustomerAPIwithValidSecretKey" time="0.581"/>
</testsuite> <!-- Create Customer API Test -->
