<?xml version="1.0" encoding="UTF-8"?>
<testsuite xmlns:xsi="http://www.w3.org/2001/XMLSchema-instance" xsi:noNamespaceSchemaLocation="https://maven.apache.org/surefire/maven-surefire-plugin/xsd/surefire-test-report-3.0.xsd" version="3.0" name="TestSuite" time="4.709" tests="5" errors="0" skipped="0" failures="0">
  <properties>
[...]
</properties>
  <testcase name="ValidateCreateCustomerAPIwithInValidSecretKey[{email=at1@zmail.com, name=Atul, description=adding fourth customer to API}](1)" classname="com.dooby.testcases.CreateCustomerTest" time="1.4">
    <system-out><![CDATA[Test name is :- ValidateCreateCustomerAPIwithInValidSecretKey
7
1
total cols are:  3
Atul
at1@zmail.com
adding fourth customer to API
[[Ljava.lang.Object;@7cc9ce8
{
    "error": {
        "message": "Invalid API Key provided: sk_test_**************Xsrl",
        "type": "invalid_request_error"
    }
}
401
]]></system-out>
    <system-err><![CDATA[log4j:WARN No appenders could be found for logger (org.apache.http.impl.conn.BasicClientConnectionManager).
log4j:WARN Please initialize the log4j system properly.
log4j:WARN See http://logging.apache.org/log4j/1.2/faq.html#noconfig for more info.
]]></system-err>
  </testcase>
  <testcase name="ValidateCreateCustomerAPIwithValidSecretKey[{email=rao11@zmail.com, name=Raunak111, description=adding first customer to API}](1)" classname="com.dooby.testcases.CreateCustomerTest" time="0.555">
    <system-out><![CDATA[Test name is :- ValidateCreateCustomerAPIwithValidSecretKey
1
3
total cols are:  3
Raunak111
rao11@zmail.com
adding first customer to API
ashutosh111
ahpr11@zmail.com
adding second customer to API
imraan111
imr11@zmail.com
adding third customer to API
[[Ljava.lang.Object;@74518890
/customers
{
    "id": "cus_JQbpy3XC40g3B5",
    "object": "customer",
    "address": null,
    "balance": 0,
    "created": 1620220655,
    "currency": null,
    "default_source": null,
    "delinquent": false,
    "description": "adding first customer to API",
    "discount": null,
    "email": "rao11@zmail.com",
    "invoice_prefix": "1F6F0F36",
    "invoice_settings": {
        "custom_fields": null,
        "default_payment_method": null,
        "footer": null
    },
    "livemode": false,
    "metadata": {
        
    },
    "name": "Raunak111",
    "next_invoice_sequence": 1,
    "phone": null,
    "preferred_locales": [
        
    ],
    "shipping": null,
    "tax_exempt": "none"
}
200
]]></system-out>
  </testcase>
  <testcase name="ValidateCreateCustomerAPIwithValidSecretKey[{email=ahpr11@zmail.com, name=ashutosh111, description=adding second customer to API}](2)" classname="com.dooby.testcases.CreateCustomerTest" time="0.575">
    <system-out><![CDATA[/customers
{
    "id": "cus_JQbpk64Qj0JmI0",
    "object": "customer",
    "address": null,
    "balance": 0,
    "created": 1620220655,
    "currency": null,
    "default_source": null,
    "delinquent": false,
    "description": "adding second customer to API",
    "discount": null,
    "email": "ahpr11@zmail.com",
    "invoice_prefix": "9181A5F0",
    "invoice_settings": {
        "custom_fields": null,
        "default_payment_method": null,
        "footer": null
    },
    "livemode": false,
    "metadata": {
        
    },
    "name": "ashutosh111",
    "next_invoice_sequence": 1,
    "phone": null,
    "preferred_locales": [
        
    ],
    "shipping": null,
    "tax_exempt": "none"
}
200
]]></system-out>
  </testcase>
  <testcase name="ValidateCreateCustomerAPIwithValidSecretKey[{email=imr11@zmail.com, name=imraan111, description=adding third customer to API}](3)" classname="com.dooby.testcases.CreateCustomerTest" time="0.58">
    <system-out><![CDATA[/customers
{
    "id": "cus_JQbphKyXKKgGxX",
    "object": "customer",
    "address": null,
    "balance": 0,
    "created": 1620220655,
    "currency": null,
    "default_source": null,
    "delinquent": false,
    "description": "adding third customer to API",
    "discount": null,
    "email": "imr11@zmail.com",
    "invoice_prefix": "B2A7ACAA",
    "invoice_settings": {
        "custom_fields": null,
        "default_payment_method": null,
        "footer": null
    },
    "livemode": false,
    "metadata": {
        
    },
    "name": "imraan111",
    "next_invoice_sequence": 1,
    "phone": null,
    "preferred_locales": [
        
    ],
    "shipping": null,
    "tax_exempt": "none"
}
200
]]></system-out>
  </testcase>
  <testcase name="deleteCustomer[{id=cus_JQbkukxgeA0kJ3}](1)" classname="com.dooby.testcases.DeleteCustomerTest" time="0.922">
    <system-out><![CDATA[Test name is :- deleteCustomer
11
1
total cols are:  1
cus_JQbkukxgeA0kJ3
[[Ljava.lang.Object;@51ec2df1
{id=cus_JQbkukxgeA0kJ3}
{
    "id": "cus_JQbkukxgeA0kJ3",
    "object": "customer",
    "deleted": true
}
Presence check for Object keytrue
Presence check for Deleted keytrue
Object key value is :customer
Deleted key value is :true
200
]]></system-out>
  </testcase>
</testsuite>