<?xml version="1.0" encoding="UTF-8"?>
<testng-results ignored="0" total="5" passed="5" failed="0" skipped="0">
  <reporter-output>
  </reporter-output>
  <suite started-at="2021-05-05T18:47:33 IST" name="Suite" finished-at="2021-05-05T18:47:37 IST" duration-ms="3207">
    <groups>
    </groups>
    <test started-at="2021-05-05T18:47:33 IST" name="Create Customer API Test" finished-at="2021-05-05T18:47:36 IST" duration-ms="2036">
      <class name="com.dooby.testcases.CreateCustomerTest">
        <test-method signature="ValidateCreateCustomerAPIwithInValidSecretKey(java.util.Hashtable)[pri:0, instance:com.dooby.testcases.CreateCustomerTest@4b213651]" started-at="2021-05-05T18:47:34 IST" name="ValidateCreateCustomerAPIwithInValidSecretKey" data-provider="exceldata" finished-at="2021-05-05T18:47:35 IST" duration-ms="1398" status="PASS">
          <params>
            <param index="0">
              <value>
                <![CDATA[{email=at1@zmail.com, name=Atul, description=adding fourth customer to API}]]>
              </value>
            </param>
          </params>
          <reporter-output>
          </reporter-output>
        </test-method> <!-- ValidateCreateCustomerAPIwithInValidSecretKey -->
        <test-method signature="ValidateCreateCustomerAPIwithValidSecretKey(java.util.Hashtable)[pri:0, instance:com.dooby.testcases.CreateCustomerTest@4b213651]" started-at="2021-05-05T18:47:35 IST" name="ValidateCreateCustomerAPIwithValidSecretKey" data-provider="exceldata" finished-at="2021-05-05T18:47:36 IST" duration-ms="576" status="PASS">
          <params>
            <param index="0">
              <value>
                <![CDATA[{email=ahpr11@zmail.com, name=ashutosh111, description=adding second customer to API}]]>
              </value>
            </param>
          </params>
          <reporter-output>
          </reporter-output>
        </test-method> <!-- ValidateCreateCustomerAPIwithValidSecretKey -->
        <test-method signature="ValidateCreateCustomerAPIwithValidSecretKey(java.util.Hashtable)[pri:0, instance:com.dooby.testcases.CreateCustomerTest@4b213651]" started-at="2021-05-05T18:47:35 IST" name="ValidateCreateCustomerAPIwithValidSecretKey" data-provider="exceldata" finished-at="2021-05-05T18:47:36 IST" duration-ms="556" status="PASS">
          <params>
            <param index="0">
              <value>
                <![CDATA[{email=rao11@zmail.com, name=Raunak111, description=adding first customer to API}]]>
              </value>
            </param>
          </params>
          <reporter-output>
          </reporter-output>
        </test-method> <!-- ValidateCreateCustomerAPIwithValidSecretKey -->
        <test-method signature="ValidateCreateCustomerAPIwithValidSecretKey(java.util.Hashtable)[pri:0, instance:com.dooby.testcases.CreateCustomerTest@4b213651]" started-at="2021-05-05T18:47:35 IST" name="ValidateCreateCustomerAPIwithValidSecretKey" data-provider="exceldata" finished-at="2021-05-05T18:47:36 IST" duration-ms="581" status="PASS">
          <params>
            <param index="0">
              <value>
                <![CDATA[{email=imr11@zmail.com, name=imraan111, description=adding third customer to API}]]>
              </value>
            </param>
          </params>
          <reporter-output>
          </reporter-output>
        </test-method> <!-- ValidateCreateCustomerAPIwithValidSecretKey -->
      </class> <!-- com.dooby.testcases.CreateCustomerTest -->
    </test> <!-- Create Customer API Test -->
    <test started-at="2021-05-05T18:47:36 IST" name="Delete Customer API Test" finished-at="2021-05-05T18:47:37 IST" duration-ms="924">
      <class name="com.dooby.testcases.DeleteCustomerTest">
        <test-method is-config="true" signature="setUp()[pri:0, instance:com.dooby.testcases.DeleteCustomerTest@2e48362c]" started-at="2021-05-05T18:47:33 IST" name="setUp" finished-at="2021-05-05T18:47:33 IST" duration-ms="498" status="PASS">
          <reporter-output>
          </reporter-output>
        </test-method> <!-- setUp -->
        <test-method signature="deleteCustomer(java.util.Hashtable)[pri:0, instance:com.dooby.testcases.DeleteCustomerTest@2e48362c]" started-at="2021-05-05T18:47:36 IST" name="deleteCustomer" data-provider="exceldata" finished-at="2021-05-05T18:47:37 IST" duration-ms="923" status="PASS">
          <params>
            <param index="0">
              <value>
                <![CDATA[{id=cus_JQbkukxgeA0kJ3}]]>
              </value>
            </param>
          </params>
          <reporter-output>
          </reporter-output>
        </test-method> <!-- deleteCustomer -->
      </class> <!-- com.dooby.testcases.DeleteCustomerTest -->
    </test> <!-- Delete Customer API Test -->
  </suite> <!-- Suite -->
</testng-results>
